<?xml version="1.0" encoding="UTF-8"?>
<testng-results skipped="0" failed="0" ignored="0" total="8" passed="8">
  <reporter-output>
  </reporter-output>
  <suite name="Default suite" duration-ms="172286" started-at="2020-04-13T14:56:24Z" finished-at="2020-04-13T14:59:17Z">
    <groups>
    </groups>
    <test name="Default test" duration-ms="172286" started-at="2020-04-13T14:56:24Z" finished-at="2020-04-13T14:59:17Z">
      <class name="testSuites.LoginTest">
        <test-method status="PASS" signature="setup()[pri:0, instance:testSuites.LoginTest@6eebc39e]" name="setup" is-config="true" duration-ms="11521" started-at="2020-04-13T16:56:13Z" finished-at="2020-04-13T16:56:24Z">
          <reporter-output>
          </reporter-output>
        </test-method> <!-- setup -->
        <test-method status="PASS" signature="InvalidLogin(java.lang.String, java.lang.String, java.lang.String)[pri:1, instance:testSuites.LoginTest@6eebc39e]" name="InvalidLogin" duration-ms="19771" started-at="2020-04-13T16:56:25Z" data-provider="getExcelData" finished-at="2020-04-13T16:56:44Z">
          <params>
            <param index="0">
              <value>
                <![CDATA[01144798975]]>
              </value>
            </param>
            <param index="1">
              <value>
                <![CDATA[12345678z]]>
              </value>
            </param>
            <param index="2">
              <value>
                <![CDATA[invalid username or password]]>
              </value>
            </param>
          </params>
          <reporter-output>
          </reporter-output>
        </test-method> <!-- InvalidLogin -->
        <test-method status="PASS" signature="InvalidLogin(java.lang.String, java.lang.String, java.lang.String)[pri:1, instance:testSuites.LoginTest@6eebc39e]" name="InvalidLogin" duration-ms="18152" started-at="2020-04-13T16:56:44Z" data-provider="getExcelData" finished-at="2020-04-13T16:57:02Z">
          <params>
            <param index="0">
              <value>
                <![CDATA[01144798973]]>
              </value>
            </param>
            <param index="1">
              <value>
                <![CDATA[1234567z]]>
              </value>
            </param>
            <param index="2">
              <value>
                <![CDATA[invalid username or password]]>
              </value>
            </param>
          </params>
          <reporter-output>
          </reporter-output>
        </test-method> <!-- InvalidLogin -->
        <test-method status="PASS" signature="InvalidLogin(java.lang.String, java.lang.String, java.lang.String)[pri:1, instance:testSuites.LoginTest@6eebc39e]" name="InvalidLogin" duration-ms="18269" started-at="2020-04-13T16:57:02Z" data-provider="getExcelData" finished-at="2020-04-13T16:57:21Z">
          <params>
            <param index="0">
              <value>
                <![CDATA[0114479897]]>
              </value>
            </param>
            <param index="1">
              <value>
                <![CDATA[1234567z]]>
              </value>
            </param>
            <param index="2">
              <value>
                <![CDATA[Invalid email or phone number]]>
              </value>
            </param>
          </params>
          <reporter-output>
          </reporter-output>
        </test-method> <!-- InvalidLogin -->
        <test-method status="PASS" signature="InvalidLogin(java.lang.String, java.lang.String, java.lang.String)[pri:1, instance:testSuites.LoginTest@6eebc39e]" name="InvalidLogin" duration-ms="16078" started-at="2020-04-13T16:57:21Z" data-provider="getExcelData" finished-at="2020-04-13T16:57:37Z">
          <params>
            <param index="0">
              <value>
                <![CDATA[jkancajankajk]]>
              </value>
            </param>
            <param index="1">
              <value>
                <![CDATA[1234567z]]>
              </value>
            </param>
            <param index="2">
              <value>
                <![CDATA[Invalid email or phone number]]>
              </value>
            </param>
          </params>
          <reporter-output>
          </reporter-output>
        </test-method> <!-- InvalidLogin -->
        <test-method status="PASS" signature="InvalidLogin(java.lang.String, java.lang.String, java.lang.String)[pri:1, instance:testSuites.LoginTest@6eebc39e]" name="InvalidLogin" duration-ms="25132" started-at="2020-04-13T16:57:37Z" data-provider="getExcelData" finished-at="2020-04-13T16:58:02Z">
          <params>
            <param index="0">
              <value>
                <![CDATA[  ]]>
              </value>
            </param>
            <param index="1">
              <value>
                <![CDATA[1234567z]]>
              </value>
            </param>
            <param index="2">
              <value>
                <![CDATA[Please enter username]]>
              </value>
            </param>
          </params>
          <reporter-output>
          </reporter-output>
        </test-method> <!-- InvalidLogin -->
        <test-method status="PASS" signature="InvalidLogin(java.lang.String, java.lang.String, java.lang.String)[pri:1, instance:testSuites.LoginTest@6eebc39e]" name="InvalidLogin" duration-ms="17519" started-at="2020-04-13T16:58:02Z" data-provider="getExcelData" finished-at="2020-04-13T16:58:19Z">
          <params>
            <param index="0">
              <value>
                <![CDATA[01144798975]]>
              </value>
            </param>
            <param index="1">
              <value>
                <![CDATA[     ]]>
              </value>
            </param>
            <param index="2">
              <value>
                <![CDATA[Please enter password]]>
              </value>
            </param>
          </params>
          <reporter-output>
          </reporter-output>
        </test-method> <!-- InvalidLogin -->
        <test-method status="PASS" signature="validLogin()[pri:2, instance:testSuites.LoginTest@6eebc39e]" name="validLogin" duration-ms="30121" started-at="2020-04-13T16:58:19Z" finished-at="2020-04-13T16:58:50Z">
          <reporter-output>
          </reporter-output>
        </test-method> <!-- validLogin -->
        <test-method status="PASS" signature="EmailvalidLogin()[pri:3, instance:testSuites.LoginTest@6eebc39e]" name="EmailvalidLogin" duration-ms="26957" started-at="2020-04-13T16:58:50Z" finished-at="2020-04-13T16:59:17Z">
          <reporter-output>
          </reporter-output>
        </test-method> <!-- EmailvalidLogin -->
      </class> <!-- testSuites.LoginTest -->
    </test> <!-- Default test -->
  </suite> <!-- Default suite -->
</testng-results>
