<?xml version="1.0" encoding="UTF-8"?>
<testng-results skipped="0" failed="0" ignored="0" total="1" passed="1">
  <reporter-output>
  </reporter-output>
  <suite name="Default suite" duration-ms="109116" started-at="2020-04-13T23:14:12Z" finished-at="2020-04-13T23:16:01Z">
    <groups>
    </groups>
    <test name="Default test" duration-ms="109116" started-at="2020-04-13T23:14:12Z" finished-at="2020-04-13T23:16:01Z">
      <class name="testSuites.RegisterationTest">
        <test-method status="PASS" signature="setup()[pri:0, instance:testSuites.RegisterationTest@5abca1e0]" name="setup" is-config="true" duration-ms="12211" started-at="2020-04-14T01:13:59Z" finished-at="2020-04-14T01:14:12Z">
          <reporter-output>
          </reporter-output>
        </test-method> <!-- setup -->
        <test-method status="PASS" signature="ValidFirstStep()[pri:1, instance:testSuites.RegisterationTest@5abca1e0]" name="ValidFirstStep" duration-ms="109095" started-at="2020-04-14T01:14:12Z" finished-at="2020-04-14T01:16:01Z">
          <reporter-output>
          </reporter-output>
        </test-method> <!-- ValidFirstStep -->
      </class> <!-- testSuites.RegisterationTest -->
    </test> <!-- Default test -->
  </suite> <!-- Default suite -->
</testng-results>
